[handleMsg]:  {
  key: {
    remoteJid: '5215534661177@s.whatsapp.net',
    fromMe: false,
    id: '3EB012EC731D15B50A0986',
    participant: undefined
  },
  messageTimestamp: 1685204681,
  pushName: 'MDP',
  message: Message {
    extendedTextMessage: ExtendedTextMessage {
      text: 'hola',
      contextInfo: [ContextInfo],
      inviteLinkGroupTypeV2: 0
    },
    messageContextInfo: MessageContextInfo {
      deviceListMetadata: [DeviceListMetadata],
      deviceListMetadataVersion: 2
    }
  },
  body: 'hola',
  from: '5215534661177'
}
[handleMsg]:  {
  key: {
    remoteJid: '5215534661177@s.whatsapp.net',
    fromMe: false,
    id: '3EB022B5180BCA111499DB',
    participant: undefined
  },
  messageTimestamp: 1685204686,
  pushName: 'MDP',
  message: Message {
    extendedTextMessage: ExtendedTextMessage {
      text: '1',
      contextInfo: [ContextInfo],
      inviteLinkGroupTypeV2: 0
    },
    messageContextInfo: MessageContextInfo {
      deviceListMetadata: [DeviceListMetadata],
      deviceListMetadataVersion: 2
    }
  },
  body: '1',
  from: '5215534661177'
}
[handleMsg]:  {
  key: {
    remoteJid: '5215534661177@s.whatsapp.net',
    fromMe: false,
    id: '3EB0DF5C936F8606601C5C',
    participant: undefined
  },
  messageTimestamp: 1685204695,
  pushName: 'MDP',
  message: Message {
    extendedTextMessage: ExtendedTextMessage {
      text: '2',
      contextInfo: [ContextInfo],
      inviteLinkGroupTypeV2: 0
    },
    messageContextInfo: MessageContextInfo {
      deviceListMetadata: [DeviceListMetadata],
      deviceListMetadataVersion: 2
    }
  },
  body: '2',
  from: '5215534661177'
}
[handleMsg]:  {
  key: {
    remoteJid: '5215534661177@s.whatsapp.net',
    fromMe: false,
    id: '3EB0698B8889772D0F3E5A',
    participant: undefined
  },
  messageTimestamp: 1685204706,
  pushName: 'MDP',
  message: Message {
    extendedTextMessage: ExtendedTextMessage {
      text: 'Quisiera saber que lubricante utilizar',
      contextInfo: [ContextInfo],
      inviteLinkGroupTypeV2: 0
    },
    messageContextInfo: MessageContextInfo {
      deviceListMetadata: [DeviceListMetadata],
      deviceListMetadataVersion: 2
    }
  },
  body: 'Quisiera saber que lubricante utilizar',
  from: '5215534661177'
}
[handleMsg]:  {
  key: {
    remoteJid: '5215534661177@s.whatsapp.net',
    fromMe: false,
    id: '3EB00AAF2FE2C25E8B9343',
    participant: undefined
  },
  messageTimestamp: 1685204715,
  pushName: 'MDP',
  message: Message {
    extendedTextMessage: ExtendedTextMessage {
      text: 'no se si el de terrenos secos o humedos',
      contextInfo: [ContextInfo],
      inviteLinkGroupTypeV2: 0
    },
    messageContextInfo: MessageContextInfo {
      deviceListMetadata: [DeviceListMetadata],
      deviceListMetadataVersion: 2
    }
  },
  body: 'no se si el de terrenos secos o humedos',
  from: '5215534661177'
}
[handleMsg]:  {
  key: {
    remoteJid: '5215534661177@s.whatsapp.net',
    fromMe: false,
    id: '3EB0247E98B7FA70A18285',
    participant: undefined
  },
  messageTimestamp: 1685204777,
  pushName: 'MDP',
  message: Message {
    extendedTextMessage: ExtendedTextMessage {
      text: 'me parece que la mejor opcion es el de terrenos secos',
      contextInfo: [ContextInfo],
      inviteLinkGroupTypeV2: 0
    },
    messageContextInfo: MessageContextInfo {
      deviceListMetadata: [DeviceListMetadata],
      deviceListMetadataVersion: 2
    }
  },
  body: 'me parece que la mejor opcion es el de terrenos secos',
  from: '5215534661177'
}
[handleMsg]:  {
  key: {
    remoteJid: '5215534661177@s.whatsapp.net',
    fromMe: false,
    id: '3EB0F8969714880F0C3A10',
    participant: undefined
  },
  messageTimestamp: 1685204781,
  pushName: 'MDP',
  message: Message {
    extendedTextMessage: ExtendedTextMessage {
      text: 'hola',
      contextInfo: [ContextInfo],
      inviteLinkGroupTypeV2: 0
    },
    messageContextInfo: MessageContextInfo {
      deviceListMetadata: [DeviceListMetadata],
      deviceListMetadataVersion: 2
    }
  },
  body: 'hola',
  from: '5215534661177'
}
[handleMsg]:  {
  key: {
    remoteJid: '5215534661177@s.whatsapp.net',
    fromMe: false,
    id: '3EB0294AD66604A7EDA2EA',
    participant: undefined
  },
  messageTimestamp: 1685204787,
  pushName: 'MDP',
  message: Message {
    extendedTextMessage: ExtendedTextMessage {
      text: '3',
      contextInfo: [ContextInfo],
      inviteLinkGroupTypeV2: 0
    },
    messageContextInfo: MessageContextInfo {
      deviceListMetadata: [DeviceListMetadata],
      deviceListMetadataVersion: 2
    }
  },
  body: '3',
  from: '5215534661177'
}
[handleMsg]:  {
  key: {
    remoteJid: '5215534661177@s.whatsapp.net',
    fromMe: false,
    id: '3EB0231A07DDEA3E406217',
    participant: undefined
  },
  messageTimestamp: 1685204791,
  pushName: 'MDP',
  message: Message {
    extendedTextMessage: ExtendedTextMessage {
      text: 'Mauricio',
      contextInfo: [ContextInfo],
      inviteLinkGroupTypeV2: 0
    },
    messageContextInfo: MessageContextInfo {
      deviceListMetadata: [DeviceListMetadata],
      deviceListMetadataVersion: 2
    }
  },
  body: 'Mauricio',
  from: '5215534661177'
}
[handleMsg]:  {
  key: {
    remoteJid: '5215534661177@s.whatsapp.net',
    fromMe: false,
    id: '3EB0951054EDDE3EE2ACA7',
    participant: undefined
  },
  messageTimestamp: 1685204794,
  pushName: 'MDP',
  message: Message {
    extendedTextMessage: ExtendedTextMessage {
      text: '06140',
      contextInfo: [ContextInfo],
      inviteLinkGroupTypeV2: 0
    },
    messageContextInfo: MessageContextInfo {
      deviceListMetadata: [DeviceListMetadata],
      deviceListMetadataVersion: 2
    }
  },
  body: '06140',
  from: '5215534661177'
}
[handleMsg]:  {
  key: {
    remoteJid: '5215534661177@s.whatsapp.net',
    fromMe: false,
    id: '3EB04E5A51BFBE5CFA2ECE',
    participant: undefined
  },
  messageTimestamp: 1685204797,
  pushName: 'MDP',
  message: Message {
    messageContextInfo: MessageContextInfo {
      deviceListMetadata: [DeviceListMetadata],
      deviceListMetadataVersion: 2
    },
    buttonsResponseMessage: ButtonsResponseMessage {
      selectedButtonId: 'id-btn-0',
      selectedDisplayText: 'Vamos',
      contextInfo: [ContextInfo],
      type: 1
    }
  },
  body: 'Vamos',
  from: '5215534661177'
}
[handleMsg]:  {
  key: {
    remoteJid: '5215534661177@s.whatsapp.net',
    fromMe: false,
    id: '3EB0946F8BE0701AEC7B25',
    participant: undefined
  },
  messageTimestamp: 1685204802,
  pushName: 'MDP',
  message: Message {
    messageContextInfo: MessageContextInfo {
      deviceListMetadata: [DeviceListMetadata],
      deviceListMetadataVersion: 2
    },
    buttonsResponseMessage: ButtonsResponseMessage {
      selectedButtonId: 'id-btn-1',
      selectedDisplayText: 'No',
      contextInfo: [ContextInfo],
      type: 1
    }
  },
  body: 'No',
  from: '5215534661177'
}
